4/21/2026 10:52:36 AM	This log contains information about the import schema operation into project 'AutoData' on computer 'KIZ-MS-S7' by user 'makizhne'.
4/21/2026 10:52:36 AM	Import of database schema has started.
4/21/2026 10:52:52 AM	Gathering database credentials
4/21/2026 10:52:52 AM	Gathering database options
4/21/2026 10:52:52 AM	Gathering generic database scoped configuration option
4/21/2026 10:52:52 AM	Gathering users
4/21/2026 10:52:52 AM	Gathering roles
4/21/2026 10:52:52 AM	Gathering application roles
4/21/2026 10:52:52 AM	Gathering role memberships
4/21/2026 10:52:52 AM	Gathering filegroups
4/21/2026 10:52:52 AM	Gathering full-text catalogs
4/21/2026 10:52:52 AM	Gathering assemblies
4/21/2026 10:52:52 AM	Gathering certificates
4/21/2026 10:52:52 AM	Gathering asymmetric keys
4/21/2026 10:52:52 AM	Gathering symmetric keys
4/21/2026 10:52:52 AM	Gathering encrypted symmetric keys
4/21/2026 10:52:52 AM	Gathering schemas
4/21/2026 10:52:52 AM	Gathering XML schema collections
4/21/2026 10:52:52 AM	Gathering user-defined data types
4/21/2026 10:52:52 AM	Gathering user-defined types
4/21/2026 10:52:52 AM	Gathering table types
4/21/2026 10:52:52 AM	Gathering unique keys for table types
4/21/2026 10:52:52 AM	Gathering primary keys for table types
4/21/2026 10:52:52 AM	Gathering indexes for table types
4/21/2026 10:52:52 AM	Gathering check constraints for table types
4/21/2026 10:52:52 AM	Gathering default constraints for table types
4/21/2026 10:52:52 AM	Gathering partition functions
4/21/2026 10:52:52 AM	Gathering partition schemes
4/21/2026 10:52:52 AM	Gathering functions
4/21/2026 10:52:53 AM	Gathering encrypted functions
4/21/2026 10:52:53 AM	Gathering aggregates
4/21/2026 10:52:53 AM	Gathering procedures
4/21/2026 10:52:53 AM	Gathering encrypted procedures
4/21/2026 10:52:53 AM	Gathering tables
4/21/2026 10:52:53 AM	Gathering primary keys
4/21/2026 10:52:53 AM	Gathering unique constraints
4/21/2026 10:52:53 AM	Gathering foreign keys
4/21/2026 10:52:53 AM	Gathering default constraints
4/21/2026 10:52:53 AM	Gathering check constraints
4/21/2026 10:52:53 AM	Gathering views
4/21/2026 10:52:53 AM	Gathering encrypted views
4/21/2026 10:52:53 AM	Gathering indexes
4/21/2026 10:52:53 AM	Gathering statistics
4/21/2026 10:52:53 AM	Gathering full-text index stoplists
4/21/2026 10:52:53 AM	Gathering search property lists
4/21/2026 10:52:53 AM	Gathering search properties
4/21/2026 10:52:53 AM	Gathering full-text indexes
4/21/2026 10:52:53 AM	Gathering column store indexes
4/21/2026 10:52:53 AM	Gathering spatial indexes
4/21/2026 10:52:53 AM	Gathering XML indexes
4/21/2026 10:52:53 AM	Gathering JSON indexes
4/21/2026 10:52:53 AM	Gathering Selective XML indexes
4/21/2026 10:52:53 AM	Gathering encrypted triggers
4/21/2026 10:52:53 AM	Gathering triggers
4/21/2026 10:52:53 AM	Gathering encrypted and clr ddl triggers
4/21/2026 10:52:53 AM	Gathering ddl triggers
4/21/2026 10:52:53 AM	Creating edge constraints
4/21/2026 10:52:53 AM	Gathering synonyms
4/21/2026 10:52:53 AM	Gathering defaults
4/21/2026 10:52:53 AM	Gathering data constraint uddt bindings
4/21/2026 10:52:53 AM	Gathering rules
4/21/2026 10:52:53 AM	Gathering data constraint uddt bindings
4/21/2026 10:52:53 AM	Gathering message types
4/21/2026 10:52:53 AM	Gathering queues
4/21/2026 10:52:53 AM	Gathering contracts
4/21/2026 10:52:53 AM	Gathering services
4/21/2026 10:52:53 AM	Gathering event notifications
4/21/2026 10:52:53 AM	Gathering remote service bindings
4/21/2026 10:52:53 AM	Gathering broker priorities
4/21/2026 10:52:53 AM	Gathering signatures
4/21/2026 10:52:53 AM	Gathering compression options
4/21/2026 10:52:54 AM	Gathering sequence types
4/21/2026 10:52:54 AM	Gathering security policies
4/21/2026 10:52:54 AM	Gather column encryption keys
4/21/2026 10:52:54 AM	Gathering column master keys
4/21/2026 10:52:54 AM	Gathering external data sources
4/21/2026 10:52:54 AM	Gathering external file formats
4/21/2026 10:52:54 AM	Gathering external models
4/21/2026 10:52:54 AM	Gathering external tables
4/21/2026 10:52:54 AM	Gathering XML index compression options
4/21/2026 10:52:54 AM	Gathering extended properties
4/21/2026 10:52:54 AM	Gathering assemblies
4/21/2026 10:52:54 AM	Gathering credentials
4/21/2026 10:52:54 AM	Gathering logins
4/21/2026 10:52:54 AM	Gathering server audits
4/21/2026 10:52:54 AM	Scanning project for duplicate elements
4/21/2026 10:52:54 AM	Finished duplicate element processing
4/21/2026 10:52:56 AM	Finished importing database.
4/21/2026 10:52:56 AM	A summary of the import was saved to the following location: C:\Users\makizhne\OneDrive\Projects\PureWafer\Databases\PFDatabases\AutoData\Import Schema Logs\AutoData_20260421045236.log
4/21/2026 10:52:56 AM	Click Finish to continue...
